# JRE version: Java(TM) SE Runtime Environment (8.0_121-b13) (build 1.8.0_121-b13)
# Java VM: Java HotSpot(TM) 64-Bit Server VM (25.121-b13 mixed mode linux-amd64 compressed oops)
Heap:
 PSYoungGen      total 339968K, used 8366K [0x000000076ce00000, 0x0000000788380000, 0x00000007c0000000)
  eden space 315392K, 0% used [0x000000076ce00000,0x000000076ce00000,0x0000000780200000)
  from space 24576K, 34% used [0x0000000780200000,0x0000000780a2bae8,0x0000000781a00000)
  to   space 24064K, 0% used [0x0000000786c00000,0x0000000786c00000,0x0000000788380000)
 ParOldGen       total 149504K, used 32697K [0x00000006c6a00000, 0x00000006cfc00000, 0x000000076ce00000)
  object space 149504K, 21% used [0x00000006c6a00000,0x00000006c89ee538,0x00000006cfc00000)
 Metaspace       used 57683K, capacity 59022K, committed 59160K, reserved 1101824K
  class space    used 6702K, capacity 7094K, committed 7192K, reserved 1048576K
GC Heap History (10 events):
Event: 3,437 GC heap after
Heap after GC invocations=9 (full 2):
 PSYoungGen      total 183296K, used 12734K [0x000000076ce00000, 0x000000077e380000, 0x00000007c0000000)
  eden space 166912K, 0% used [0x000000076ce00000,0x000000076ce00000,0x0000000777100000)
  from space 16384K, 77% used [0x0000000777100000,0x0000000777d6fa68,0x0000000778100000)
  to   space 17408K, 0% used [0x000000077d280000,0x000000077d280000,0x000000077e380000)
 ParOldGen       total 149504K, used 18538K [0x00000006c6a00000, 0x00000006cfc00000, 0x000000076ce00000)
  object space 149504K, 12% used [0x00000006c6a00000,0x00000006c7c1aa20,0x00000006cfc00000)
 Metaspace       used 45658K, capacity 46842K, committed 47024K, reserved 1091584K
  class space    used 5377K, capacity 5722K, committed 5808K, reserved 1048576K
}
Event: 3,936 GC heap before
{Heap before GC invocations=10 (full 2):
 PSYoungGen      total 183296K, used 179646K [0x000000076ce00000, 0x000000077e380000, 0x00000007c0000000)
  eden space 166912K, 100% used [0x000000076ce00000,0x0000000777100000,0x0000000777100000)
  from space 16384K, 77% used [0x0000000777100000,0x0000000777d6fa68,0x0000000778100000)
  to   space 17408K, 0% used [0x000000077d280000,0x000000077d280000,0x000000077e380000)
 ParOldGen       total 149504K, used 18538K [0x00000006c6a00000, 0x00000006cfc00000, 0x000000076ce00000)
  object space 149504K, 12% used [0x00000006c6a00000,0x00000006c7c1aa20,0x00000006cfc00000)
 Metaspace       used 47033K, capacity 48240K, committed 48432K, reserved 1091584K
  class space    used 5515K, capacity 5885K, committed 5936K, reserved 1048576K
Event: 3,953 GC heap after
Heap after GC invocations=10 (full 2):
 PSYoungGen      total 261632K, used 17400K [0x000000076ce00000, 0x000000077fa00000, 0x00000007c0000000)
  eden space 244224K, 0% used [0x000000076ce00000,0x000000076ce00000,0x000000077bc80000)
  from space 17408K, 99% used [0x000000077d280000,0x000000077e37e360,0x000000077e380000)
  to   space 22528K, 0% used [0x000000077bc80000,0x000000077bc80000,0x000000077d280000)
 ParOldGen       total 149504K, used 24702K [0x00000006c6a00000, 0x00000006cfc00000, 0x000000076ce00000)
  object space 149504K, 16% used [0x00000006c6a00000,0x00000006c821fb68,0x00000006cfc00000)
 Metaspace       used 47033K, capacity 48240K, committed 48432K, reserved 1091584K
  class space    used 5515K, capacity 5885K, committed 5936K, reserved 1048576K
}
Event: 4,572 GC heap before
{Heap before GC invocations=11 (full 2):
 PSYoungGen      total 261632K, used 261624K [0x000000076ce00000, 0x000000077fa00000, 0x00000007c0000000)
  eden space 244224K, 100% used [0x000000076ce00000,0x000000077bc80000,0x000000077bc80000)
  from space 17408K, 99% used [0x000000077d280000,0x000000077e37e360,0x000000077e380000)
  to   space 22528K, 0% used [0x000000077bc80000,0x000000077bc80000,0x000000077d280000)
 ParOldGen       total 149504K, used 24702K [0x00000006c6a00000, 0x00000006cfc00000, 0x000000076ce00000)
  object space 149504K, 16% used [0x00000006c6a00000,0x00000006c821fb68,0x00000006cfc00000)
 Metaspace       used 49493K, capacity 50746K, committed 50992K, reserved 1093632K
  class space    used 5802K, capacity 6180K, committed 6192K, reserved 1048576K
Event: 4,589 GC heap after
Heap after GC invocations=11 (full 2):
 PSYoungGen      total 266752K, used 22098K [0x000000076ce00000, 0x0000000783b80000, 0x00000007c0000000)
  eden space 244224K, 0% used [0x000000076ce00000,0x000000076ce00000,0x000000077bc80000)
  from space 22528K, 98% used [0x000000077bc80000,0x000000077d214968,0x000000077d280000)
  to   space 25600K, 0% used [0x0000000782280000,0x0000000782280000,0x0000000783b80000)
 ParOldGen       total 149504K, used 26390K [0x00000006c6a00000, 0x00000006cfc00000, 0x000000076ce00000)
  object space 149504K, 17% used [0x00000006c6a00000,0x00000006c83c5bc8,0x00000006cfc00000)
 Metaspace       used 49493K, capacity 50746K, committed 50992K, reserved 1093632K
  class space    used 5802K, capacity 6180K, committed 6192K, reserved 1048576K
}
Event: 5,545 GC heap before
{Heap before GC invocations=12 (full 2):
 PSYoungGen      total 266752K, used 266322K [0x000000076ce00000, 0x0000000783b80000, 0x00000007c0000000)
  eden space 244224K, 100% used [0x000000076ce00000,0x000000077bc80000,0x000000077bc80000)
  from space 22528K, 98% used [0x000000077bc80000,0x000000077d214968,0x000000077d280000)
  to   space 25600K, 0% used [0x0000000782280000,0x0000000782280000,0x0000000783b80000)
 ParOldGen       total 149504K, used 26390K [0x00000006c6a00000, 0x00000006cfc00000, 0x000000076ce00000)
  object space 149504K, 17% used [0x00000006c6a00000,0x00000006c83c5bc8,0x00000006cfc00000)
 Metaspace       used 54806K, capacity 56098K, committed 56496K, reserved 1099776K
  class space    used 6360K, capacity 6756K, committed 6832K, reserved 1048576K
Event: 5,556 GC heap after
Heap after GC invocations=12 (full 2):
 PSYoungGen      total 331264K, used 11842K [0x000000076ce00000, 0x0000000783200000, 0x00000007c0000000)
  eden space 315392K, 0% used [0x000000076ce00000,0x000000076ce00000,0x0000000780200000)
  from space 15872K, 74% used [0x0000000782280000,0x0000000782e10a30,0x0000000783200000)
  to   space 24576K, 0% used [0x0000000780200000,0x0000000780200000,0x0000000781a00000)
 ParOldGen       total 149504K, used 30664K [0x00000006c6a00000, 0x00000006cfc00000, 0x000000076ce00000)
  object space 149504K, 20% used [0x00000006c6a00000,0x00000006c87f20b0,0x00000006cfc00000)
 Metaspace       used 54806K, capacity 56098K, committed 56496K, reserved 1099776K
  class space    used 6360K, capacity 6756K, committed 6832K, reserved 1048576K
}
Event: 6,005 GC heap before
{Heap before GC invocations=13 (full 2):
 PSYoungGen      total 331264K, used 94758K [0x000000076ce00000, 0x0000000783200000, 0x00000007c0000000)
  eden space 315392K, 26% used [0x000000076ce00000,0x0000000771ef8e40,0x0000000780200000)
  from space 15872K, 74% used [0x0000000782280000,0x0000000782e10a30,0x0000000783200000)
  to   space 24576K, 0% used [0x0000000780200000,0x0000000780200000,0x0000000781a00000)
 ParOldGen       total 149504K, used 30664K [0x00000006c6a00000, 0x00000006cfc00000, 0x000000076ce00000)
  object space 149504K, 20% used [0x00000006c6a00000,0x00000006c87f20b0,0x00000006cfc00000)
 Metaspace       used 57683K, capacity 59022K, committed 59160K, reserved 1101824K
  class space    used 6702K, capacity 7094K, committed 7192K, reserved 1048576K
Event: 6,013 GC heap after
Heap after GC invocations=13 (full 2):
 PSYoungGen      total 339968K, used 8366K [0x000000076ce00000, 0x0000000788380000, 0x00000007c0000000)
  eden space 315392K, 0% used [0x000000076ce00000,0x000000076ce00000,0x0000000780200000)
  from space 24576K, 34% used [0x0000000780200000,0x0000000780a2bae8,0x0000000781a00000)
  to   space 24064K, 0% used [0x0000000786c00000,0x0000000786c00000,0x0000000788380000)
 ParOldGen       total 149504K, used 32697K [0x00000006c6a00000, 0x00000006cfc00000, 0x000000076ce00000)
  object space 149504K, 21% used [0x00000006c6a00000,0x00000006c89ee538,0x00000006cfc00000)
 Metaspace       used 57683K, capacity 59022K, committed 59160K, reserved 1101824K
  class space    used 6702K, capacity 7094K, committed 7192K, reserved 1048576K
}
Event: 6,013 GC heap before
{Heap before GC invocations=14 (full 3):
 PSYoungGen      total 339968K, used 8366K [0x000000076ce00000, 0x0000000788380000, 0x00000007c0000000)
  eden space 315392K, 0% used [0x000000076ce00000,0x000000076ce00000,0x0000000780200000)
  from space 24576K, 34% used [0x0000000780200000,0x0000000780a2bae8,0x0000000781a00000)
  to   space 24064K, 0% used [0x0000000786c00000,0x0000000786c00000,0x0000000788380000)
 ParOldGen       total 149504K, used 32697K [0x00000006c6a00000, 0x00000006cfc00000, 0x000000076ce00000)
  object space 149504K, 21% used [0x00000006c6a00000,0x00000006c89ee538,0x00000006cfc00000)
 Metaspace       used 57683K, capacity 59022K, committed 59160K, reserved 1101824K
  class space    used 6702K, capacity 7094K, committed 7192K, reserved 1048576K

